Arguments: 
  /usr/local/bin/node /usr/local/bin/yarn add -D eslint-plugin-react@latest eslint-config-standard-with-typescript@latest @typescript-eslint/eslint-plugin@^5.0.0 eslint@^8.0.1 eslint-plugin-import@^2.25.2 eslint-plugin-n@^15.0.0 eslint-plugin-promise@^6.0.0 typescript@*

PATH: 
  /Users/nicolassartral/.npm/_npx/7ef27be80482e586/node_modules/.bin:/Users/nicolassartral/Desktop/kunu/kunu/node_modules/.bin:/Users/nicolassartral/Desktop/kunu/node_modules/.bin:/Users/nicolassartral/Desktop/node_modules/.bin:/Users/nicolassartral/node_modules/.bin:/Users/node_modules/.bin:/node_modules/.bin:/usr/local/lib/node_modules/npm/node_modules/@npmcli/run-script/lib/node-gyp-bin:/bin:/usr/local/bin:/System/Cryptexes/App/usr/bin:/usr/bin:/bin:/usr/sbin:/sbin:/opt/X11/bin:/Library/Apple/usr/bin

Yarn version: 
  1.22.19

Node version: 
  18.13.0

Platform: 
  darwin x64

Trace: 
  Error: EACCES: permission denied, unlink '/Users/nicolassartral/Desktop/kunu/kunu/node_modules/resolve/.editorconfig'

npm manifest: 
  {
    "name": "kunu",
    "version": "1.0.0",
    "main": "node_modules/expo/AppEntry.js",
    "scripts": {
      "start": "expo start",
      "android": "expo start --android",
      "ios": "expo start --ios",
      "web": "expo start --web",
      "test": "jest --watchAll"
    },
    "jest": {
      "preset": "jest-expo"
    },
    "dependencies": {
      "@expo/vector-icons": "^13.0.0",
      "@react-navigation/bottom-tabs": "^6.0.5",
      "@react-navigation/native": "^6.0.2",
      "@react-navigation/native-stack": "^6.1.0",
      "expo": "~47.0.12",
      "expo-asset": "~8.7.0",
      "expo-constants": "~14.0.2",
      "expo-font": "~11.0.1",
      "expo-linking": "~3.3.0",
      "expo-splash-screen": "~0.17.5",
      "expo-status-bar": "~1.4.2",
      "expo-system-ui": "~2.0.1",
      "expo-web-browser": "~12.0.0",
      "react": "18.1.0",
      "react-dom": "18.1.0",
      "react-native": "0.70.5",
      "react-native-safe-area-context": "4.4.1",
      "react-native-screens": "~3.18.0",
      "react-native-web": "~0.18.9"
    },
    "devDependencies": {
      "@babel/core": "^7.12.9",
      "@types/react": "~18.0.24",
      "@types/react-native": "~0.70.6",
      "jest": "^26.6.3",
      "jest-expo": "~47.0.1",
      "react-test-renderer": "18.1.0",
      "typescript": "^4.6.3"
    },
    "private": true
  }

yarn manifest: 
  No manifest

Lockfile: 
  
